0 info it worked if it ends with ok
1 verbose cli [ 'nodejs', '/usr/bin/npm', 'install' ]
2 info using npm@1.2.11
3 info using node@v0.8.20
4 verbose read json /home/janek/batleth/apps/batleth_server/package.json
5 verbose readDependencies using package.json deps
6 verbose install where, deps [ '/home/janek/batleth/apps/batleth_server',
6 verbose install   [ 'brunch',
6 verbose install     'babel-brunch',
6 verbose install     'clean-css-brunch',
6 verbose install     'css-brunch',
6 verbose install     'javascript-brunch',
6 verbose install     'sass-brunch',
6 verbose install     'uglify-js-brunch' ] ]
7 verbose from cache /home/janek/batleth/apps/batleth_server/package.json
8 info preinstall @
9 verbose read json /home/janek/batleth/apps/batleth_server/node_modules/clean-css-brunch/package.json
10 verbose read json /home/janek/batleth/apps/batleth_server/node_modules/javascript-brunch/package.json
11 verbose read json /home/janek/batleth/apps/batleth_server/node_modules/css-brunch/package.json
12 verbose read json /home/janek/batleth/apps/batleth_server/node_modules/brunch/package.json
13 verbose read json /home/janek/batleth/apps/batleth_server/node_modules/uglify-js-brunch/package.json
14 verbose read json /home/janek/batleth/apps/batleth_server/node_modules/babel-brunch/package.json
15 verbose read json /home/janek/batleth/apps/batleth_server/node_modules/sass-brunch/package.json
16 verbose from cache /home/janek/batleth/apps/batleth_server/package.json
17 verbose readDependencies using package.json deps
18 verbose from cache /home/janek/batleth/apps/batleth_server/node_modules/clean-css-brunch/package.json
19 verbose from cache /home/janek/batleth/apps/batleth_server/node_modules/javascript-brunch/package.json
20 verbose from cache /home/janek/batleth/apps/batleth_server/node_modules/css-brunch/package.json
21 verbose from cache /home/janek/batleth/apps/batleth_server/node_modules/brunch/package.json
22 verbose from cache /home/janek/batleth/apps/batleth_server/node_modules/uglify-js-brunch/package.json
23 verbose from cache /home/janek/batleth/apps/batleth_server/node_modules/babel-brunch/package.json
24 verbose from cache /home/janek/batleth/apps/batleth_server/node_modules/sass-brunch/package.json
25 verbose cache add [ 'brunch@^1.8.3', null ]
26 verbose cache add name=undefined spec="brunch@^1.8.3" args=["brunch@^1.8.3",null]
27 verbose parsed url { pathname: 'brunch@^1.8.3',
27 verbose parsed url   path: 'brunch@^1.8.3',
27 verbose parsed url   href: 'brunch@^1.8.3' }
28 verbose cache add name="brunch" spec="^1.8.3" args=["brunch","^1.8.3"]
29 verbose parsed url { pathname: '^1.8.3', path: '^1.8.3', href: '^1.8.3' }
30 verbose addNamed [ 'brunch', '^1.8.3' ]
31 verbose addNamed [ null, null ]
32 verbose cache add [ 'babel-brunch@^5.1.1', null ]
33 verbose cache add name=undefined spec="babel-brunch@^5.1.1" args=["babel-brunch@^5.1.1",null]
34 verbose parsed url { pathname: 'babel-brunch@^5.1.1',
34 verbose parsed url   path: 'babel-brunch@^5.1.1',
34 verbose parsed url   href: 'babel-brunch@^5.1.1' }
35 verbose cache add name="babel-brunch" spec="^5.1.1" args=["babel-brunch","^5.1.1"]
36 verbose parsed url { pathname: '^5.1.1', path: '^5.1.1', href: '^5.1.1' }
37 verbose addNamed [ 'babel-brunch', '^5.1.1' ]
38 verbose addNamed [ null, null ]
39 verbose already installed skipping clean-css-brunch@>= 1.0 < 1.8 /home/janek/batleth/apps/batleth_server
40 silly lockFile 844d4c1c-brunch-1-8-3 brunch@^1.8.3
41 verbose lock brunch@^1.8.3 /home/janek/.npm/844d4c1c-brunch-1-8-3.lock
42 silly lockFile 70eef9b4-babel-brunch-5-1-1 babel-brunch@^5.1.1
43 verbose lock babel-brunch@^5.1.1 /home/janek/.npm/70eef9b4-babel-brunch-5-1-1.lock
44 info addNameTag [ 'brunch', '^1.8.3' ]
45 info addNameTag [ 'babel-brunch', '^5.1.1' ]
46 verbose url raw brunch
47 verbose url resolving [ 'https://registry.npmjs.org/', './brunch' ]
48 verbose url resolved https://registry.npmjs.org/brunch
49 info trying registry request attempt 1 at 15:04:18
50 http GET https://registry.npmjs.org/brunch
51 verbose url raw babel-brunch
52 verbose url resolving [ 'https://registry.npmjs.org/', './babel-brunch' ]
53 verbose url resolved https://registry.npmjs.org/babel-brunch
54 info trying registry request attempt 1 at 15:04:18
55 http GET https://registry.npmjs.org/babel-brunch
56 verbose already installed skipping css-brunch@>= 1.0 < 1.8 /home/janek/batleth/apps/batleth_server
57 verbose already installed skipping javascript-brunch@>= 1.0 < 1.8 /home/janek/batleth/apps/batleth_server
58 verbose cache add [ 'sass-brunch@^1.8.10', null ]
59 verbose cache add name=undefined spec="sass-brunch@^1.8.10" args=["sass-brunch@^1.8.10",null]
60 verbose parsed url { pathname: 'sass-brunch@^1.8.10',
60 verbose parsed url   path: 'sass-brunch@^1.8.10',
60 verbose parsed url   href: 'sass-brunch@^1.8.10' }
61 verbose cache add name="sass-brunch" spec="^1.8.10" args=["sass-brunch","^1.8.10"]
62 verbose parsed url { pathname: '^1.8.10', path: '^1.8.10', href: '^1.8.10' }
63 verbose addNamed [ 'sass-brunch', '^1.8.10' ]
64 verbose addNamed [ null, null ]
65 silly lockFile b88f0efc-sass-brunch-1-8-10 sass-brunch@^1.8.10
66 verbose lock sass-brunch@^1.8.10 /home/janek/.npm/b88f0efc-sass-brunch-1-8-10.lock
67 verbose already installed skipping uglify-js-brunch@>= 1.0 < 1.8 /home/janek/batleth/apps/batleth_server
68 info addNameTag [ 'sass-brunch', '^1.8.10' ]
69 verbose url raw sass-brunch
70 verbose url resolving [ 'https://registry.npmjs.org/', './sass-brunch' ]
71 verbose url resolved https://registry.npmjs.org/sass-brunch
72 info trying registry request attempt 1 at 15:04:18
73 http GET https://registry.npmjs.org/sass-brunch
74 http 200 https://registry.npmjs.org/babel-brunch
75 silly registry.get cb [ 200,
75 silly registry.get   { server: 'CouchDB/1.5.0 (Erlang OTP/R16B03)',
75 silly registry.get     etag: '"915ING937LVJRSABS23RJGWC5"',
75 silly registry.get     'content-type': 'application/json',
75 silly registry.get     'cache-control': 'max-age=60',
75 silly registry.get     'content-length': '8845',
75 silly registry.get     'accept-ranges': 'bytes',
75 silly registry.get     date: 'Mon, 10 Aug 2015 13:04:18 GMT',
75 silly registry.get     via: '1.1 varnish',
75 silly registry.get     age: '0',
75 silly registry.get     connection: 'keep-alive',
75 silly registry.get     'x-served-by': 'cache-fra1221-FRA',
75 silly registry.get     'x-cache': 'MISS',
75 silly registry.get     'x-cache-hits': '0',
75 silly registry.get     'x-timer': 'S1439211858.781651,VS0,VE173',
75 silly registry.get     vary: 'Accept' } ]
76 silly lockFile 70eef9b4-babel-brunch-5-1-1 babel-brunch@^5.1.1
77 silly lockFile 70eef9b4-babel-brunch-5-1-1 babel-brunch@^5.1.1
78 error Error: No compatible version found: babel-brunch@'^5.1.1'
78 error Valid install targets:
78 error ["4.0.0","5.0.0","5.0.1","5.1.0","5.1.1","5.1.2"]
78 error     at installTargetsError (/usr/lib/nodejs/npm/lib/cache.js:679:10)
78 error     at /usr/lib/nodejs/npm/lib/cache.js:594:10
78 error     at saved (/usr/lib/nodejs/npm/node_modules/npm-registry-client/lib/get.js:138:7)
78 error     at Object.oncomplete (fs.js:297:15)
79 error If you need help, you may report this log at:
79 error     <http://github.com/isaacs/npm/issues>
79 error or email it to:
79 error     <npm-@googlegroups.com>
80 error System Linux 3.2.0-88-generic
81 error command "nodejs" "/usr/bin/npm" "install"
82 error cwd /home/janek/batleth/apps/batleth_server
83 error node -v v0.8.20
84 error npm -v 1.2.11
85 verbose exit [ 1, true ]
